<?xml version="1.0" encoding="UTF-8"?>
<testsuite name="com.pub.test.TextAlignTypeTest" tests="3" skipped="0" failures="0" errors="0" timestamp="2020-07-18T21:07:54" hostname="PF1JX3K8" time="0.01">
  <properties/>
  <testcase name="testNumberOfAlignType" classname="com.pub.test.TextAlignTypeTest" time="0.002"/>
  <testcase name="testTypeOfAlignType" classname="com.pub.test.TextAlignTypeTest" time="0.008"/>
  <testcase name="testGetTextAlignInstance" classname="com.pub.test.TextAlignTypeTest" time="0.0"/>
  <system-out><![CDATA[]]></system-out>
  <system-err><![CDATA[]]></system-err>
</testsuite>
