<?xml version="1.0" encoding="UTF-8"?>
<testsuite name="com.pub.test.TestAlign" tests="3" skipped="0" failures="0" errors="0" timestamp="2020-07-18T21:07:54" hostname="PF1JX3K8" time="0.001">
  <properties/>
  <testcase name="testRightAlign" classname="com.pub.test.TestAlign" time="0.001"/>
  <testcase name="testLeftAlign" classname="com.pub.test.TestAlign" time="0.0"/>
  <testcase name="testCenterAlign" classname="com.pub.test.TestAlign" time="0.0"/>
  <system-out><![CDATA[]]></system-out>
  <system-err><![CDATA[]]></system-err>
</testsuite>
